2024-08-29 18:03:07,202 INFO: ShowHN Daily startup [in /Users/sagasu/Desktop/ShowHN_Blog/app/logging_config.py:15]
2024-08-29 18:10:37,667 ERROR: Error during initial data fetch: Datetime object has no timezone info [in /Users/sagasu/Desktop/ShowHN_Blog/app/__init__.py:23]
2024-08-29 18:13:04,575 INFO: ShowHN Daily startup [in /Users/sagasu/Desktop/ShowHN_Blog/app/logging_config.py:15]
2024-08-29 18:13:04,587 INFO: Starting to fetch Show HN posts. [in /Users/sagasu/Desktop/ShowHN_Blog/app/utils.py:23]
2024-08-29 18:13:22,731 ERROR: Unexpected error during post fetching: name 'url' is not defined [in /Users/sagasu/Desktop/ShowHN_Blog/app/utils.py:56]
2024-08-29 18:13:22,732 INFO: Fetched 0 Show HN posts. [in /Users/sagasu/Desktop/ShowHN_Blog/app/utils.py:58]
2024-08-29 18:13:22,732 WARNING: No posts fetched. Using sample data. [in /Users/sagasu/Desktop/ShowHN_Blog/app/utils.py:116]
2024-08-29 18:13:22,732 INFO: Show HN posts updated and saved to file. [in /Users/sagasu/Desktop/ShowHN_Blog/app/utils.py:132]
2024-08-29 18:13:22,732 INFO: Initial data fetch completed successfully [in /Users/sagasu/Desktop/ShowHN_Blog/app/__init__.py:21]
2024-08-29 18:13:23,994 INFO: ShowHN Daily startup [in /Users/sagasu/Desktop/ShowHN_Blog/app/logging_config.py:15]
2024-08-29 18:13:24,005 INFO: Starting to fetch Show HN posts. [in /Users/sagasu/Desktop/ShowHN_Blog/app/utils.py:23]
2024-08-29 18:13:35,173 ERROR: Unexpected error during post fetching: name 'url' is not defined [in /Users/sagasu/Desktop/ShowHN_Blog/app/utils.py:56]
2024-08-29 18:13:35,174 INFO: Fetched 0 Show HN posts. [in /Users/sagasu/Desktop/ShowHN_Blog/app/utils.py:58]
2024-08-29 18:13:35,174 WARNING: No posts fetched. Using sample data. [in /Users/sagasu/Desktop/ShowHN_Blog/app/utils.py:116]
2024-08-29 18:13:35,175 INFO: Show HN posts updated and saved to file. [in /Users/sagasu/Desktop/ShowHN_Blog/app/utils.py:132]
2024-08-29 18:13:35,175 INFO: Initial data fetch completed successfully [in /Users/sagasu/Desktop/ShowHN_Blog/app/__init__.py:21]
2024-08-29 18:13:59,672 INFO: ShowHN Daily startup [in /Users/sagasu/Desktop/ShowHN_Blog/app/logging_config.py:15]
2024-08-29 18:13:59,682 INFO: Starting to fetch Show HN posts. [in /Users/sagasu/Desktop/ShowHN_Blog/app/utils.py:23]
2024-08-29 18:14:11,658 ERROR: Unexpected error during post fetching: name 'url' is not defined [in /Users/sagasu/Desktop/ShowHN_Blog/app/utils.py:56]
2024-08-29 18:14:11,659 INFO: Fetched 0 Show HN posts. [in /Users/sagasu/Desktop/ShowHN_Blog/app/utils.py:58]
2024-08-29 18:14:11,659 WARNING: No posts fetched. Using sample data. [in /Users/sagasu/Desktop/ShowHN_Blog/app/utils.py:116]
2024-08-29 18:14:11,660 INFO: Show HN posts updated and saved to file. [in /Users/sagasu/Desktop/ShowHN_Blog/app/utils.py:132]
2024-08-29 18:14:11,660 INFO: Initial data fetch completed successfully [in /Users/sagasu/Desktop/ShowHN_Blog/app/__init__.py:21]
2024-08-29 18:14:52,402 INFO: ShowHN Daily startup [in /Users/sagasu/Desktop/ShowHN_Blog/app/logging_config.py:15]
2024-08-29 18:14:52,412 INFO: Starting to fetch Show HN posts. [in /Users/sagasu/Desktop/ShowHN_Blog/app/utils.py:23]
2024-08-29 18:14:55,346 ERROR: Unexpected error during post fetching: name 'url' is not defined [in /Users/sagasu/Desktop/ShowHN_Blog/app/utils.py:56]
2024-08-29 18:14:55,347 INFO: Fetched 0 Show HN posts. [in /Users/sagasu/Desktop/ShowHN_Blog/app/utils.py:58]
2024-08-29 18:14:55,347 WARNING: No posts fetched. Using sample data. [in /Users/sagasu/Desktop/ShowHN_Blog/app/utils.py:116]
2024-08-29 18:14:55,348 INFO: Show HN posts updated and saved to file. [in /Users/sagasu/Desktop/ShowHN_Blog/app/utils.py:132]
2024-08-29 18:14:55,348 INFO: Initial data fetch completed successfully [in /Users/sagasu/Desktop/ShowHN_Blog/app/__init__.py:21]
2024-08-29 18:14:55,551 INFO: ShowHN Daily startup [in /Users/sagasu/Desktop/ShowHN_Blog/app/logging_config.py:15]
2024-08-29 18:14:55,561 INFO: Starting to fetch Show HN posts. [in /Users/sagasu/Desktop/ShowHN_Blog/app/utils.py:23]
2024-08-29 18:14:58,054 ERROR: Unexpected error during post fetching: name 'url' is not defined [in /Users/sagasu/Desktop/ShowHN_Blog/app/utils.py:56]
2024-08-29 18:14:58,054 INFO: Fetched 0 Show HN posts. [in /Users/sagasu/Desktop/ShowHN_Blog/app/utils.py:58]
2024-08-29 18:14:58,054 WARNING: No posts fetched. Using sample data. [in /Users/sagasu/Desktop/ShowHN_Blog/app/utils.py:116]
2024-08-29 18:14:58,055 INFO: Show HN posts updated and saved to file. [in /Users/sagasu/Desktop/ShowHN_Blog/app/utils.py:132]
2024-08-29 18:14:58,055 INFO: Initial data fetch completed successfully [in /Users/sagasu/Desktop/ShowHN_Blog/app/__init__.py:21]
2024-08-29 18:16:51,436 INFO: ShowHN Daily startup [in /Users/sagasu/Desktop/ShowHN_Blog/app/logging_config.py:15]
2024-08-29 18:16:51,447 INFO: Starting to fetch Show HN posts. [in /Users/sagasu/Desktop/ShowHN_Blog/app/utils.py:23]
2024-08-29 18:18:13,077 INFO: ShowHN Daily startup [in /Users/sagasu/Desktop/ShowHN_Blog/app/logging_config.py:15]
2024-08-29 18:18:13,088 INFO: Starting to fetch Show HN posts. [in /Users/sagasu/Desktop/ShowHN_Blog/app/utils.py:23]
2024-08-29 18:18:32,922 INFO: Fetched 3 Show HN posts. [in /Users/sagasu/Desktop/ShowHN_Blog/app/utils.py:51]
2024-08-29 18:18:32,924 INFO: Show HN posts updated and saved to file. [in /Users/sagasu/Desktop/ShowHN_Blog/app/utils.py:125]
2024-08-29 18:18:32,924 INFO: Initial data fetch completed successfully [in /Users/sagasu/Desktop/ShowHN_Blog/app/__init__.py:21]
2024-08-29 18:18:33,215 INFO: ShowHN Daily startup [in /Users/sagasu/Desktop/ShowHN_Blog/app/logging_config.py:15]
2024-08-29 18:18:33,227 INFO: Starting to fetch Show HN posts. [in /Users/sagasu/Desktop/ShowHN_Blog/app/utils.py:23]
2024-08-29 18:18:52,291 INFO: Fetched 3 Show HN posts. [in /Users/sagasu/Desktop/ShowHN_Blog/app/utils.py:51]
2024-08-29 18:18:52,292 INFO: Show HN posts updated and saved to file. [in /Users/sagasu/Desktop/ShowHN_Blog/app/utils.py:125]
2024-08-29 18:18:52,292 INFO: Initial data fetch completed successfully [in /Users/sagasu/Desktop/ShowHN_Blog/app/__init__.py:21]
2024-08-29 18:24:18,614 INFO: ShowHN Daily startup [in /Users/sagasu/Desktop/ShowHN_Blog/app/logging_config.py:15]
2024-08-29 18:24:18,625 INFO: Starting to fetch Show HN posts. [in /Users/sagasu/Desktop/ShowHN_Blog/app/utils.py:23]
2024-08-29 18:24:38,601 INFO: Fetched 4 Show HN posts. [in /Users/sagasu/Desktop/ShowHN_Blog/app/utils.py:51]
2024-08-29 18:24:38,602 INFO: Show HN posts updated and saved to file. [in /Users/sagasu/Desktop/ShowHN_Blog/app/utils.py:125]
2024-08-29 18:24:38,602 INFO: Initial data fetch completed successfully [in /Users/sagasu/Desktop/ShowHN_Blog/app/__init__.py:21]
2024-08-29 18:25:11,167 INFO: ShowHN Daily startup [in /Users/sagasu/Desktop/ShowHN_Blog/app/logging_config.py:15]
2024-08-29 18:25:11,177 INFO: Starting to fetch Show HN posts. [in /Users/sagasu/Desktop/ShowHN_Blog/app/utils.py:23]
2024-08-29 18:25:31,599 INFO: Fetched 4 Show HN posts. [in /Users/sagasu/Desktop/ShowHN_Blog/app/utils.py:51]
2024-08-29 18:25:31,601 INFO: Show HN posts updated and saved to file. [in /Users/sagasu/Desktop/ShowHN_Blog/app/utils.py:125]
2024-08-29 18:25:31,601 INFO: Initial data fetch completed successfully [in /Users/sagasu/Desktop/ShowHN_Blog/app/__init__.py:21]
2024-08-29 18:26:43,647 INFO: ShowHN Daily startup [in /Users/sagasu/Desktop/ShowHN_Blog/app/logging_config.py:15]
2024-08-29 18:26:43,658 INFO: Starting to fetch Show HN posts. [in /Users/sagasu/Desktop/ShowHN_Blog/app/utils.py:23]
2024-08-29 18:27:03,893 INFO: Fetched 4 Show HN posts. [in /Users/sagasu/Desktop/ShowHN_Blog/app/utils.py:51]
2024-08-29 18:27:03,894 INFO: Show HN posts updated and saved to file. [in /Users/sagasu/Desktop/ShowHN_Blog/app/utils.py:125]
2024-08-29 18:27:03,895 INFO: Initial data fetch completed successfully [in /Users/sagasu/Desktop/ShowHN_Blog/app/__init__.py:21]
2024-08-29 18:27:18,286 INFO: ShowHN Daily startup [in /Users/sagasu/Desktop/ShowHN_Blog/app/logging_config.py:15]
2024-08-29 18:27:18,296 INFO: Starting to fetch Show HN posts. [in /Users/sagasu/Desktop/ShowHN_Blog/app/utils.py:23]
2024-08-29 18:27:37,458 INFO: Fetched 4 Show HN posts. [in /Users/sagasu/Desktop/ShowHN_Blog/app/utils.py:51]
2024-08-29 18:27:37,459 INFO: Show HN posts updated and saved to file. [in /Users/sagasu/Desktop/ShowHN_Blog/app/utils.py:125]
2024-08-29 18:27:37,460 INFO: Initial data fetch completed successfully [in /Users/sagasu/Desktop/ShowHN_Blog/app/__init__.py:21]
2024-08-29 18:32:20,489 INFO: ShowHN Daily startup [in /Users/sagasu/Desktop/ShowHN_Blog/app/logging_config.py:15]
2024-08-29 18:32:20,501 INFO: Starting to fetch Show HN posts. [in /Users/sagasu/Desktop/ShowHN_Blog/app/utils.py:23]
2024-08-29 18:32:40,621 INFO: Fetched 4 Show HN posts. [in /Users/sagasu/Desktop/ShowHN_Blog/app/utils.py:51]
2024-08-29 18:32:40,622 INFO: Show HN posts updated and saved to file. [in /Users/sagasu/Desktop/ShowHN_Blog/app/utils.py:125]
2024-08-29 18:32:40,622 INFO: Initial data fetch completed successfully [in /Users/sagasu/Desktop/ShowHN_Blog/app/__init__.py:21]
